<?xml version="1.0" encoding="UTF-8"?>
<testsuite xmlns:xsi="http://www.w3.org/2001/XMLSchema-instance" xsi:noNamespaceSchemaLocation="https://maven.apache.org/surefire/maven-surefire-plugin/xsd/surefire-test-report.xsd" name="bootcamp.PropertySpec" time="2.168" tests="1" errors="0" skipped="0" failures="1">
  <properties>
    <property name="sun.desktop" value="windows"/>
    <property name="awt.toolkit" value="sun.awt.windows.WToolkit"/>
    <property name="file.encoding.pkg" value="sun.io"/>
    <property name="java.specification.version" value="1.8"/>
    <property name="sun.cpu.isalist" value="amd64"/>
    <property name="sun.jnu.encoding" value="Cp1252"/>
    <property name="java.class.path" value="C:\Users\syntel\syntel_projects\address-service\target\test-classes;C:\Users\syntel\syntel_projects\address-service\target\classes;C:\Users\syntel\.m2\repository\org\springframework\boot\spring-boot-starter-web\2.0.0.RELEASE\spring-boot-starter-web-2.0.0.RELEASE.jar;C:\Users\syntel\.m2\repository\org\springframework\boot\spring-boot-starter\2.0.0.RELEASE\spring-boot-starter-2.0.0.RELEASE.jar;C:\Users\syntel\.m2\repository\org\springframework\boot\spring-boot\2.0.0.RELEASE\spring-boot-2.0.0.RELEASE.jar;C:\Users\syntel\.m2\repository\org\springframework\boot\spring-boot-autoconfigure\2.0.0.RELEASE\spring-boot-autoconfigure-2.0.0.RELEASE.jar;C:\Users\syntel\.m2\repository\org\springframework\boot\spring-boot-starter-logging\2.0.0.RELEASE\spring-boot-starter-logging-2.0.0.RELEASE.jar;C:\Users\syntel\.m2\repository\ch\qos\logback\logback-classic\1.2.3\logback-classic-1.2.3.jar;C:\Users\syntel\.m2\repository\ch\qos\logback\logback-core\1.2.3\logback-core-1.2.3.jar;C:\Users\syntel\.m2\repository\org\apache\logging\log4j\log4j-to-slf4j\2.10.0\log4j-to-slf4j-2.10.0.jar;C:\Users\syntel\.m2\repository\org\apache\logging\log4j\log4j-api\2.10.0\log4j-api-2.10.0.jar;C:\Users\syntel\.m2\repository\org\slf4j\jul-to-slf4j\1.7.25\jul-to-slf4j-1.7.25.jar;C:\Users\syntel\.m2\repository\javax\annotation\javax.annotation-api\1.3.2\javax.annotation-api-1.3.2.jar;C:\Users\syntel\.m2\repository\org\yaml\snakeyaml\1.19\snakeyaml-1.19.jar;C:\Users\syntel\.m2\repository\org\springframework\boot\spring-boot-starter-json\2.0.0.RELEASE\spring-boot-starter-json-2.0.0.RELEASE.jar;C:\Users\syntel\.m2\repository\com\fasterxml\jackson\core\jackson-databind\2.9.4\jackson-databind-2.9.4.jar;C:\Users\syntel\.m2\repository\com\fasterxml\jackson\core\jackson-annotations\2.9.0\jackson-annotations-2.9.0.jar;C:\Users\syntel\.m2\repository\com\fasterxml\jackson\core\jackson-core\2.9.4\jackson-core-2.9.4.jar;C:\Users\syntel\.m2\repository\com\fasterxml\jackson\datatype\jackson-datatype-jdk8\2.9.4\jackson-datatype-jdk8-2.9.4.jar;C:\Users\syntel\.m2\repository\com\fasterxml\jackson\datatype\jackson-datatype-jsr310\2.9.4\jackson-datatype-jsr310-2.9.4.jar;C:\Users\syntel\.m2\repository\com\fasterxml\jackson\module\jackson-module-parameter-names\2.9.4\jackson-module-parameter-names-2.9.4.jar;C:\Users\syntel\.m2\repository\org\springframework\boot\spring-boot-starter-tomcat\2.0.0.RELEASE\spring-boot-starter-tomcat-2.0.0.RELEASE.jar;C:\Users\syntel\.m2\repository\org\apache\tomcat\embed\tomcat-embed-core\8.5.28\tomcat-embed-core-8.5.28.jar;C:\Users\syntel\.m2\repository\org\apache\tomcat\embed\tomcat-embed-el\8.5.28\tomcat-embed-el-8.5.28.jar;C:\Users\syntel\.m2\repository\org\apache\tomcat\embed\tomcat-embed-websocket\8.5.28\tomcat-embed-websocket-8.5.28.jar;C:\Users\syntel\.m2\repository\org\hibernate\validator\hibernate-validator\6.0.7.Final\hibernate-validator-6.0.7.Final.jar;C:\Users\syntel\.m2\repository\javax\validation\validation-api\2.0.1.Final\validation-api-2.0.1.Final.jar;C:\Users\syntel\.m2\repository\org\jboss\logging\jboss-logging\3.3.2.Final\jboss-logging-3.3.2.Final.jar;C:\Users\syntel\.m2\repository\com\fasterxml\classmate\1.3.4\classmate-1.3.4.jar;C:\Users\syntel\.m2\repository\org\springframework\spring-web\5.0.4.RELEASE\spring-web-5.0.4.RELEASE.jar;C:\Users\syntel\.m2\repository\org\springframework\spring-beans\5.0.4.RELEASE\spring-beans-5.0.4.RELEASE.jar;C:\Users\syntel\.m2\repository\org\springframework\spring-webmvc\5.0.4.RELEASE\spring-webmvc-5.0.4.RELEASE.jar;C:\Users\syntel\.m2\repository\org\springframework\spring-aop\5.0.4.RELEASE\spring-aop-5.0.4.RELEASE.jar;C:\Users\syntel\.m2\repository\org\springframework\spring-context\5.0.4.RELEASE\spring-context-5.0.4.RELEASE.jar;C:\Users\syntel\.m2\repository\org\springframework\spring-expression\5.0.4.RELEASE\spring-expression-5.0.4.RELEASE.jar;C:\Users\syntel\.m2\repository\org\springframework\boot\spring-boot-starter-test\2.0.0.RELEASE\spring-boot-starter-test-2.0.0.RELEASE.jar;C:\Users\syntel\.m2\repository\org\springframework\boot\spring-boot-test\2.0.0.RELEASE\spring-boot-test-2.0.0.RELEASE.jar;C:\Users\syntel\.m2\repository\org\springframework\boot\spring-boot-test-autoconfigure\2.0.0.RELEASE\spring-boot-test-autoconfigure-2.0.0.RELEASE.jar;C:\Users\syntel\.m2\repository\junit\junit\4.12\junit-4.12.jar;C:\Users\syntel\.m2\repository\org\assertj\assertj-core\3.9.1\assertj-core-3.9.1.jar;C:\Users\syntel\.m2\repository\org\mockito\mockito-core\2.15.0\mockito-core-2.15.0.jar;C:\Users\syntel\.m2\repository\net\bytebuddy\byte-buddy-agent\1.7.10\byte-buddy-agent-1.7.10.jar;C:\Users\syntel\.m2\repository\org\hamcrest\hamcrest-core\1.3\hamcrest-core-1.3.jar;C:\Users\syntel\.m2\repository\org\hamcrest\hamcrest-library\1.3\hamcrest-library-1.3.jar;C:\Users\syntel\.m2\repository\org\skyscreamer\jsonassert\1.5.0\jsonassert-1.5.0.jar;C:\Users\syntel\.m2\repository\com\vaadin\external\google\android-json\0.0.20131108.vaadin1\android-json-0.0.20131108.vaadin1.jar;C:\Users\syntel\.m2\repository\org\springframework\spring-core\5.0.4.RELEASE\spring-core-5.0.4.RELEASE.jar;C:\Users\syntel\.m2\repository\org\springframework\spring-jcl\5.0.4.RELEASE\spring-jcl-5.0.4.RELEASE.jar;C:\Users\syntel\.m2\repository\org\springframework\spring-test\5.0.4.RELEASE\spring-test-5.0.4.RELEASE.jar;C:\Users\syntel\.m2\repository\org\xmlunit\xmlunit-core\2.5.1\xmlunit-core-2.5.1.jar;C:\Users\syntel\.m2\repository\com\jayway\jsonpath\json-path\2.4.0\json-path-2.4.0.jar;C:\Users\syntel\.m2\repository\net\minidev\json-smart\2.3\json-smart-2.3.jar;C:\Users\syntel\.m2\repository\net\minidev\accessors-smart\1.2\accessors-smart-1.2.jar;C:\Users\syntel\.m2\repository\org\ow2\asm\asm\5.0.4\asm-5.0.4.jar;C:\Users\syntel\.m2\repository\org\slf4j\slf4j-api\1.7.25\slf4j-api-1.7.25.jar;C:\Users\syntel\.m2\repository\org\spockframework\spock-core\1.1-groovy-2.4\spock-core-1.1-groovy-2.4.jar;C:\Users\syntel\.m2\repository\org\codehaus\groovy\groovy-all\2.4.13\groovy-all-2.4.13.jar;C:\Users\syntel\.m2\repository\net\bytebuddy\byte-buddy\1.7.10\byte-buddy-1.7.10.jar;C:\Users\syntel\.m2\repository\org\objenesis\objenesis\2.5.1\objenesis-2.5.1.jar;C:\Users\syntel\.m2\repository\com\athaydes\spock-reports\1.3.2\spock-reports-1.3.2.jar;"/>
    <property name="java.vm.vendor" value="Oracle Corporation"/>
    <property name="sun.arch.data.model" value="64"/>
    <property name="user.variant" value=""/>
    <property name="java.vendor.url" value="http://java.oracle.com/"/>
    <property name="user.timezone" value=""/>
    <property name="java.vm.specification.version" value="1.8"/>
    <property name="os.name" value="Windows 10"/>
    <property name="user.country" value="US"/>
    <property name="sun.java.launcher" value="SUN_STANDARD"/>
    <property name="sun.boot.library.path" value="C:\Program Files\Java\jdk1.8.0_162\jre\bin"/>
    <property name="sun.java.command" value="C:\Users\syntel\AppData\Local\Temp\surefire6506273758452283156\surefirebooter3019004473492429669.jar C:\Users\syntel\AppData\Local\Temp\surefire6506273758452283156 2018-03-29T15-51-18_533-jvmRun1 surefire7086812652407512030tmp surefire_02387393218768621977tmp"/>
    <property name="surefire.test.class.path" value="C:\Users\syntel\syntel_projects\address-service\target\test-classes;C:\Users\syntel\syntel_projects\address-service\target\classes;C:\Users\syntel\.m2\repository\org\springframework\boot\spring-boot-starter-web\2.0.0.RELEASE\spring-boot-starter-web-2.0.0.RELEASE.jar;C:\Users\syntel\.m2\repository\org\springframework\boot\spring-boot-starter\2.0.0.RELEASE\spring-boot-starter-2.0.0.RELEASE.jar;C:\Users\syntel\.m2\repository\org\springframework\boot\spring-boot\2.0.0.RELEASE\spring-boot-2.0.0.RELEASE.jar;C:\Users\syntel\.m2\repository\org\springframework\boot\spring-boot-autoconfigure\2.0.0.RELEASE\spring-boot-autoconfigure-2.0.0.RELEASE.jar;C:\Users\syntel\.m2\repository\org\springframework\boot\spring-boot-starter-logging\2.0.0.RELEASE\spring-boot-starter-logging-2.0.0.RELEASE.jar;C:\Users\syntel\.m2\repository\ch\qos\logback\logback-classic\1.2.3\logback-classic-1.2.3.jar;C:\Users\syntel\.m2\repository\ch\qos\logback\logback-core\1.2.3\logback-core-1.2.3.jar;C:\Users\syntel\.m2\repository\org\apache\logging\log4j\log4j-to-slf4j\2.10.0\log4j-to-slf4j-2.10.0.jar;C:\Users\syntel\.m2\repository\org\apache\logging\log4j\log4j-api\2.10.0\log4j-api-2.10.0.jar;C:\Users\syntel\.m2\repository\org\slf4j\jul-to-slf4j\1.7.25\jul-to-slf4j-1.7.25.jar;C:\Users\syntel\.m2\repository\javax\annotation\javax.annotation-api\1.3.2\javax.annotation-api-1.3.2.jar;C:\Users\syntel\.m2\repository\org\yaml\snakeyaml\1.19\snakeyaml-1.19.jar;C:\Users\syntel\.m2\repository\org\springframework\boot\spring-boot-starter-json\2.0.0.RELEASE\spring-boot-starter-json-2.0.0.RELEASE.jar;C:\Users\syntel\.m2\repository\com\fasterxml\jackson\core\jackson-databind\2.9.4\jackson-databind-2.9.4.jar;C:\Users\syntel\.m2\repository\com\fasterxml\jackson\core\jackson-annotations\2.9.0\jackson-annotations-2.9.0.jar;C:\Users\syntel\.m2\repository\com\fasterxml\jackson\core\jackson-core\2.9.4\jackson-core-2.9.4.jar;C:\Users\syntel\.m2\repository\com\fasterxml\jackson\datatype\jackson-datatype-jdk8\2.9.4\jackson-datatype-jdk8-2.9.4.jar;C:\Users\syntel\.m2\repository\com\fasterxml\jackson\datatype\jackson-datatype-jsr310\2.9.4\jackson-datatype-jsr310-2.9.4.jar;C:\Users\syntel\.m2\repository\com\fasterxml\jackson\module\jackson-module-parameter-names\2.9.4\jackson-module-parameter-names-2.9.4.jar;C:\Users\syntel\.m2\repository\org\springframework\boot\spring-boot-starter-tomcat\2.0.0.RELEASE\spring-boot-starter-tomcat-2.0.0.RELEASE.jar;C:\Users\syntel\.m2\repository\org\apache\tomcat\embed\tomcat-embed-core\8.5.28\tomcat-embed-core-8.5.28.jar;C:\Users\syntel\.m2\repository\org\apache\tomcat\embed\tomcat-embed-el\8.5.28\tomcat-embed-el-8.5.28.jar;C:\Users\syntel\.m2\repository\org\apache\tomcat\embed\tomcat-embed-websocket\8.5.28\tomcat-embed-websocket-8.5.28.jar;C:\Users\syntel\.m2\repository\org\hibernate\validator\hibernate-validator\6.0.7.Final\hibernate-validator-6.0.7.Final.jar;C:\Users\syntel\.m2\repository\javax\validation\validation-api\2.0.1.Final\validation-api-2.0.1.Final.jar;C:\Users\syntel\.m2\repository\org\jboss\logging\jboss-logging\3.3.2.Final\jboss-logging-3.3.2.Final.jar;C:\Users\syntel\.m2\repository\com\fasterxml\classmate\1.3.4\classmate-1.3.4.jar;C:\Users\syntel\.m2\repository\org\springframework\spring-web\5.0.4.RELEASE\spring-web-5.0.4.RELEASE.jar;C:\Users\syntel\.m2\repository\org\springframework\spring-beans\5.0.4.RELEASE\spring-beans-5.0.4.RELEASE.jar;C:\Users\syntel\.m2\repository\org\springframework\spring-webmvc\5.0.4.RELEASE\spring-webmvc-5.0.4.RELEASE.jar;C:\Users\syntel\.m2\repository\org\springframework\spring-aop\5.0.4.RELEASE\spring-aop-5.0.4.RELEASE.jar;C:\Users\syntel\.m2\repository\org\springframework\spring-context\5.0.4.RELEASE\spring-context-5.0.4.RELEASE.jar;C:\Users\syntel\.m2\repository\org\springframework\spring-expression\5.0.4.RELEASE\spring-expression-5.0.4.RELEASE.jar;C:\Users\syntel\.m2\repository\org\springframework\boot\spring-boot-starter-test\2.0.0.RELEASE\spring-boot-starter-test-2.0.0.RELEASE.jar;C:\Users\syntel\.m2\repository\org\springframework\boot\spring-boot-test\2.0.0.RELEASE\spring-boot-test-2.0.0.RELEASE.jar;C:\Users\syntel\.m2\repository\org\springframework\boot\spring-boot-test-autoconfigure\2.0.0.RELEASE\spring-boot-test-autoconfigure-2.0.0.RELEASE.jar;C:\Users\syntel\.m2\repository\junit\junit\4.12\junit-4.12.jar;C:\Users\syntel\.m2\repository\org\assertj\assertj-core\3.9.1\assertj-core-3.9.1.jar;C:\Users\syntel\.m2\repository\org\mockito\mockito-core\2.15.0\mockito-core-2.15.0.jar;C:\Users\syntel\.m2\repository\net\bytebuddy\byte-buddy-agent\1.7.10\byte-buddy-agent-1.7.10.jar;C:\Users\syntel\.m2\repository\org\hamcrest\hamcrest-core\1.3\hamcrest-core-1.3.jar;C:\Users\syntel\.m2\repository\org\hamcrest\hamcrest-library\1.3\hamcrest-library-1.3.jar;C:\Users\syntel\.m2\repository\org\skyscreamer\jsonassert\1.5.0\jsonassert-1.5.0.jar;C:\Users\syntel\.m2\repository\com\vaadin\external\google\android-json\0.0.20131108.vaadin1\android-json-0.0.20131108.vaadin1.jar;C:\Users\syntel\.m2\repository\org\springframework\spring-core\5.0.4.RELEASE\spring-core-5.0.4.RELEASE.jar;C:\Users\syntel\.m2\repository\org\springframework\spring-jcl\5.0.4.RELEASE\spring-jcl-5.0.4.RELEASE.jar;C:\Users\syntel\.m2\repository\org\springframework\spring-test\5.0.4.RELEASE\spring-test-5.0.4.RELEASE.jar;C:\Users\syntel\.m2\repository\org\xmlunit\xmlunit-core\2.5.1\xmlunit-core-2.5.1.jar;C:\Users\syntel\.m2\repository\com\jayway\jsonpath\json-path\2.4.0\json-path-2.4.0.jar;C:\Users\syntel\.m2\repository\net\minidev\json-smart\2.3\json-smart-2.3.jar;C:\Users\syntel\.m2\repository\net\minidev\accessors-smart\1.2\accessors-smart-1.2.jar;C:\Users\syntel\.m2\repository\org\ow2\asm\asm\5.0.4\asm-5.0.4.jar;C:\Users\syntel\.m2\repository\org\slf4j\slf4j-api\1.7.25\slf4j-api-1.7.25.jar;C:\Users\syntel\.m2\repository\org\spockframework\spock-core\1.1-groovy-2.4\spock-core-1.1-groovy-2.4.jar;C:\Users\syntel\.m2\repository\org\codehaus\groovy\groovy-all\2.4.13\groovy-all-2.4.13.jar;C:\Users\syntel\.m2\repository\net\bytebuddy\byte-buddy\1.7.10\byte-buddy-1.7.10.jar;C:\Users\syntel\.m2\repository\org\objenesis\objenesis\2.5.1\objenesis-2.5.1.jar;C:\Users\syntel\.m2\repository\com\athaydes\spock-reports\1.3.2\spock-reports-1.3.2.jar;"/>
    <property name="sun.cpu.endian" value="little"/>
    <property name="user.home" value="C:\Users\syntel"/>
    <property name="user.language" value="en"/>
    <property name="java.specification.vendor" value="Oracle Corporation"/>
    <property name="java.home" value="C:\Program Files\Java\jdk1.8.0_162\jre"/>
    <property name="basedir" value="C:\Users\syntel\syntel_projects\address-service"/>
    <property name="file.separator" value="\"/>
    <property name="line.separator" value="&#10;"/>
    <property name="java.vm.specification.vendor" value="Oracle Corporation"/>
    <property name="java.specification.name" value="Java Platform API Specification"/>
    <property name="java.awt.graphicsenv" value="sun.awt.Win32GraphicsEnvironment"/>
    <property name="surefire.real.class.path" value="C:\Users\syntel\AppData\Local\Temp\surefire6506273758452283156\surefirebooter3019004473492429669.jar"/>
    <property name="sun.boot.class.path" value="C:\Program Files\Java\jdk1.8.0_162\jre\lib\resources.jar;C:\Program Files\Java\jdk1.8.0_162\jre\lib\rt.jar;C:\Program Files\Java\jdk1.8.0_162\jre\lib\sunrsasign.jar;C:\Program Files\Java\jdk1.8.0_162\jre\lib\jsse.jar;C:\Program Files\Java\jdk1.8.0_162\jre\lib\jce.jar;C:\Program Files\Java\jdk1.8.0_162\jre\lib\charsets.jar;C:\Program Files\Java\jdk1.8.0_162\jre\lib\jfr.jar;C:\Program Files\Java\jdk1.8.0_162\jre\classes"/>
    <property name="user.script" value=""/>
    <property name="sun.management.compiler" value="HotSpot 64-Bit Tiered Compilers"/>
    <property name="java.runtime.version" value="1.8.0_162-b12"/>
    <property name="user.name" value="syntel"/>
    <property name="path.separator" value=";"/>
    <property name="os.version" value="10.0"/>
    <property name="java.endorsed.dirs" value="C:\Program Files\Java\jdk1.8.0_162\jre\lib\endorsed"/>
    <property name="java.runtime.name" value="Java(TM) SE Runtime Environment"/>
    <property name="file.encoding" value="Cp1252"/>
    <property name="java.vm.name" value="Java HotSpot(TM) 64-Bit Server VM"/>
    <property name="localRepository" value="C:\Users\syntel\.m2\repository"/>
    <property name="java.vendor.url.bug" value="http://bugreport.sun.com/bugreport/"/>
    <property name="java.io.tmpdir" value="C:\Users\syntel\AppData\Local\Temp\"/>
    <property name="java.version" value="1.8.0_162"/>
    <property name="user.dir" value="C:\Users\syntel\syntel_projects\address-service"/>
    <property name="os.arch" value="amd64"/>
    <property name="java.vm.specification.name" value="Java Virtual Machine Specification"/>
    <property name="java.awt.printerjob" value="sun.awt.windows.WPrinterJob"/>
    <property name="sun.os.patch.level" value=""/>
    <property name="java.library.path" value="C:\Program Files\Java\jdk1.8.0_162\jre\bin;C:\WINDOWS\Sun\Java\bin;C:\WINDOWS\system32;C:\WINDOWS;C:/Program Files/Java/jre1.8.0_162/bin/server;C:/Program Files/Java/jre1.8.0_162/bin;C:/Program Files/Java/jre1.8.0_162/lib/amd64;C:\Program Files (x86)\Intel\iCLS Client\;C:\Program Files\Intel\iCLS Client\;C:\ProgramData\Oracle\Java\javapath;C:\WINDOWS\system32;C:\WINDOWS;C:\WINDOWS\System32\Wbem;C:\WINDOWS\System32\WindowsPowerShell\v1.0\;C:\Program Files\Intel\Intel(R) Management Engine Components\DAL;C:\Program Files\Intel\Intel(R) Management Engine Components\IPT;C:\Program Files (x86)\Intel\Intel(R) Management Engine Components\DAL;C:\Program Files (x86)\Intel\Intel(R) Management Engine Components\IPT;C:\Windows\CCM;C:\PROGRA~2\Groovy\GROOVY~1.14\bin;C:\Program Files\Java\jdk1.8.0_162\bin;C:\Users\syntel\AppData\Local\Microsoft\WindowsApps;;C:\Users\syntel\Downloads\sts-bundle\sts-3.9.3.RELEASE;;."/>
    <property name="java.vm.info" value="mixed mode"/>
    <property name="java.vendor" value="Oracle Corporation"/>
    <property name="java.vm.version" value="25.162-b12"/>
    <property name="java.ext.dirs" value="C:\Program Files\Java\jdk1.8.0_162\jre\lib\ext;C:\WINDOWS\Sun\Java\lib\ext"/>
    <property name="sun.io.unicode.encoding" value="UnicodeLittle"/>
    <property name="java.class.version" value="52.0"/>
  </properties>
  <testcase name="another" classname="bootcamp.PropertySpec" time="0.625">
    <failure message="Condition not satisfied:&#10;&#10;property == propertyService.getPropertyByName(&quot;The Ritz&quot;)&#10;|        |  |               |&#10;|        |  |               bootcamp.model.PropertyModel@736d6a5c&#10;|        |  bootcamp.services.PropertyService@1755e85b&#10;|        false&#10;bootcamp.model.PropertyModel@17cdf2d0&#10;" type="org.spockframework.runtime.SpockComparisonFailure">org.spockframework.runtime.SpockComparisonFailure: 
Condition not satisfied:

property == propertyService.getPropertyByName("The Ritz")
|        |  |               |
|        |  |               bootcamp.model.PropertyModel@736d6a5c
|        |  bootcamp.services.PropertyService@1755e85b
|        false
bootcamp.model.PropertyModel@17cdf2d0

	at bootcamp.PropertySpec.another(PropertySpec.groovy:35)
</failure>
    <system-out><![CDATA[15:51:20.328 [main] DEBUG com.athaydes.spockframework.report.SpockReportExtension - Configuring com.athaydes.spockframework.report.SpockReportExtension
15:51:20.438 [main] INFO com.athaydes.spockframework.report.internal.ConfigLoader - SpockReports config loaded: {com.athaydes.spockframework.report.showCodeBlocks=false, com.athaydes.spockframework.report.template.TemplateReportCreator.reportFileExtension=md, com.athaydes.spockframework.report.testSourceRoots=src/test/groovy, com.athaydes.spockframework.report.IReportCreator=com.athaydes.spockframework.report.internal.HtmlReportCreator, com.athaydes.spockframework.report.outputDir=build/spock-reports, com.athaydes.spockframework.report.internal.HtmlReportCreator.inlineCss=true, com.athaydes.spockframework.report.internal.HtmlReportCreator.featureReportCss=spock-feature-report.css, com.athaydes.spockframework.report.hideEmptyBlocks=false, com.athaydes.spockframework.report.internal.HtmlReportCreator.summaryReportCss=spock-summary-report.css, com.athaydes.spockframework.report.projectVersion=Unknown, com.athaydes.spockframework.report.template.TemplateReportCreator.specTemplateFile=/templateReportCreator/spec-template.md, com.athaydes.spockframework.report.template.TemplateReportCreator.summaryTemplateFile=/templateReportCreator/summary-template.md, com.athaydes.spockframework.report.internal.HtmlReportCreator.excludeToc=false, com.athaydes.spockframework.report.template.TemplateReportCreator.enabled=true, com.athaydes.spockframework.report.projectName=, com.athaydes.spockframework.report.template.TemplateReportCreator.summaryFileName=summary.md, com.athaydes.spockframework.report.internal.HtmlReportCreator.printThrowableStackTrace=false, com.athaydes.spockframework.report.internal.HtmlReportCreator.enabled=true}
15:51:20.563 [main] DEBUG com.athaydes.spockframework.report.internal.ConfigLoader - Property showCodeBlocks set to false
15:51:20.581 [main] DEBUG com.athaydes.spockframework.report.internal.ConfigLoader - Ignoring property 'reportFileExtension' for IReportCreator of incompatible type com.athaydes.spockframework.report.internal.HtmlReportCreator
15:51:20.581 [main] DEBUG com.athaydes.spockframework.report.internal.ConfigLoader - Property testSourceRoots set to src/test/groovy
15:51:20.581 [main] DEBUG com.athaydes.spockframework.report.internal.ConfigLoader - Property outputDir set to build/spock-reports
15:51:20.581 [main] DEBUG com.athaydes.spockframework.report.internal.ConfigLoader - Property inlineCss set to true
15:51:20.581 [main] DEBUG com.athaydes.spockframework.report.internal.ConfigLoader - Property featureReportCss set to spock-feature-report.css
15:51:20.581 [main] DEBUG com.athaydes.spockframework.report.internal.ConfigLoader - Property hideEmptyBlocks set to false
15:51:20.581 [main] DEBUG com.athaydes.spockframework.report.internal.ConfigLoader - Property summaryReportCss set to spock-summary-report.css
15:51:20.581 [main] DEBUG com.athaydes.spockframework.report.internal.ConfigLoader - Property projectVersion set to Unknown
15:51:20.597 [main] DEBUG com.athaydes.spockframework.report.internal.ConfigLoader - Ignoring property 'specTemplateFile' for IReportCreator of incompatible type com.athaydes.spockframework.report.internal.HtmlReportCreator
15:51:20.597 [main] DEBUG com.athaydes.spockframework.report.internal.ConfigLoader - Ignoring property 'summaryTemplateFile' for IReportCreator of incompatible type com.athaydes.spockframework.report.internal.HtmlReportCreator
15:51:20.597 [main] DEBUG com.athaydes.spockframework.report.internal.ConfigLoader - Property excludeToc set to false
15:51:20.597 [main] DEBUG com.athaydes.spockframework.report.internal.ConfigLoader - Ignoring property 'enabled' for IReportCreator of incompatible type com.athaydes.spockframework.report.internal.HtmlReportCreator
15:51:20.597 [main] DEBUG com.athaydes.spockframework.report.internal.ConfigLoader - Property projectName set to 
15:51:20.597 [main] DEBUG com.athaydes.spockframework.report.internal.ConfigLoader - Ignoring property 'summaryFileName' for IReportCreator of incompatible type com.athaydes.spockframework.report.internal.HtmlReportCreator
15:51:20.597 [main] DEBUG com.athaydes.spockframework.report.internal.ConfigLoader - Property printThrowableStackTrace set to false
15:51:20.597 [main] DEBUG com.athaydes.spockframework.report.internal.ConfigLoader - Property enabled set to true
15:51:20.659 [main] DEBUG com.athaydes.spockframework.report.SpecInfoListener - Before spec: bootcamp.PropertySpec
15:51:20.659 [main] DEBUG com.athaydes.spockframework.report.SpecInfoListener - Before feature: another
15:51:20.691 [main] DEBUG com.athaydes.spockframework.report.SpecInfoListener - Before iteration: another
15:51:21.285 [main] DEBUG com.athaydes.spockframework.report.SpecInfoListener - Error on spec: bootcamp.PropertySpec
]]></system-out>
  </testcase>
</testsuite>